<?xml version="1.0" encoding="utf-8"?><testsuites name="pytest tests"><testsuite name="pytest" errors="0" failures="3" skipped="3" tests="175" time="10.640" timestamp="2026-09-14T08:24:57.676002+02:00" hostname="localhost"><testcase classname="tests.test_adsense_quality_hardening" name="test_homepage_has_no_under_construction_roadmap" time="0.001" /><testcase classname="tests.test_adsense_quality_hardening" name="test_adsense_loader_is_limited_to_content_pages" time="0.000" /><testcase classname="tests.test_adsense_quality_hardening" name="test_thin_surfaces_are_noindex_and_not_in_sitemap" time="0.000" /><testcase classname="tests.test_adsense_quality_hardening" name="test_legacy_unit_urls_have_useful_redirects" time="0.000" /><testcase classname="tests.test_adsense_quality_hardening" name="test_language_canonicals_match_hreflang_strategy" time="0.000" /><testcase classname="tests.test_adsense_quality_hardening" name="test_knowledge_articles_have_substantial_bilingual_depth_and_unique_slugs" time="0.002" /><testcase classname="tests.test_adsense_quality_hardening" name="test_every_article_tool_link_resolves_to_registered_tool_or_tools_index" time="0.000" /><testcase classname="tests.test_adsense_quality_hardening" name="test_legacy_top_level_indexed_urls_have_redirect_strategy" time="0.000" /><testcase classname="tests.test_adsense_quality_hardening" name="test_manual_ad_slots_are_also_blocked_on_noindex_pages" time="0.000" /><testcase classname="tests.test_ai_integration_static" name="test_ai_status_keeps_smart_core_available_without_exposing_key" time="0.000" /><testcase classname="tests.test_ai_integration_static" name="test_tool_page_has_contextual_copilot" time="0.000" /><testcase classname="tests.test_ai_integration_static" name="test_frontend_uses_structured_plan_endpoint_and_real_status" time="0.001" /><testcase classname="tests.test_api_hardening_721" name="test_ai_rejects_nonobject_json[plan-payload0]" time="0.017" /><testcase classname="tests.test_api_hardening_721" name="test_ai_rejects_nonobject_json[plan-payload1]" time="0.011" /><testcase classname="tests.test_api_hardening_721" name="test_ai_rejects_nonobject_json[plan-text]" time="0.010" /><testcase classname="tests.test_api_hardening_721" name="test_ai_rejects_nonobject_json[plan-123]" time="0.011" /><testcase classname="tests.test_api_hardening_721" name="test_ai_rejects_nonobject_json[plan-None]" time="0.011" /><testcase classname="tests.test_api_hardening_721" name="test_ai_rejects_nonobject_json[ask-payload0]" time="0.011" /><testcase classname="tests.test_api_hardening_721" name="test_ai_rejects_nonobject_json[ask-payload1]" time="0.009" /><testcase classname="tests.test_api_hardening_721" name="test_ai_rejects_nonobject_json[ask-text]" time="0.009" /><testcase classname="tests.test_api_hardening_721" name="test_ai_rejects_nonobject_json[ask-123]" time="0.009" /><testcase classname="tests.test_api_hardening_721" name="test_ai_rejects_nonobject_json[ask-None]" time="0.011" /><testcase classname="tests.test_api_hardening_721" name="test_provider_never_receives_filename_password_or_error_text" time="0.016" /><testcase classname="tests.test_api_hardening_721" name="test_provider_outage_preserves_local_plan" time="0.013" /><testcase classname="tests.test_api_hardening_721" name="test_stream_close_cleans_workspace" time="0.011" /><testcase classname="tests.test_api_hardening_721" name="test_rejected_upload_cleans_workspace" time="0.009" /><testcase classname="tests.test_api_hardening_721" name="test_api_has_no_store" time="0.012" /><testcase classname="tests.test_api_hardening_721" name="test_language_switch_overrides_saved_english_choice" time="0.124" /><testcase classname="tests.test_api_hardening_721" name="test_incompatible_ai_steps_return_safe_local_path" time="0.014" /><testcase classname="tests.test_api_hardening_721" name="test_nonobject_context_is_ignored" time="0.012" /><testcase classname="tests.test_api_hardening_721" name="test_two_file_batch_reports_inputs_and_downloads_zip" time="0.016" /><testcase classname="tests.test_auth_entitlements" name="test_register_login_logout_and_csrf" time="0.287" /><testcase classname="tests.test_auth_entitlements" name="test_plan_gating_and_free_batch_limit" time="0.119" /><testcase classname="tests.test_auth_entitlements" name="test_success_consumes_one_credit_but_failed_conversion_does_not" time="0.125" /><testcase classname="tests.test_auth_entitlements" name="test_signed_paddle_activation_is_idempotent_and_cancel_preserves_credits" time="0.119" /><testcase classname="tests.test_auth_entitlements" name="test_transaction_completed_for_the_same_period_does_not_grant_credits_twice" time="0.114" /><testcase classname="tests.test_auth_entitlements" name="test_checkout_custom_data_is_only_rendered_for_authenticated_user" time="0.125" /><testcase classname="tests.test_browser_tools" name="test_all_browser_tool_routes_render_but_stay_out_of_quality_sitemap" time="0.310" /><testcase classname="tests.test_browser_tools" name="test_invalid_browser_tool_route_is_not_found" time="0.030" /><testcase classname="tests.test_browser_tools" name="test_browser_tool_registry_has_unique_ids_and_valid_select_choices" time="0.000" /><testcase classname="tests.test_conversions" name="test_pdf_engines_validate_real_outputs" time="0.019" /><testcase classname="tests.test_conversions" name="test_image_engines_validate_real_outputs" time="0.015" /><testcase classname="tests.test_conversions" name="test_tool_rejects_valid_but_wrong_extension" time="0.010" /><testcase classname="tests.test_conversions" name="test_office_engine_converts_docx" time="0.000"><skipped type="pytest.skip" message="LibreOffice is required for Office integration tests">/workspace/scratch/f8b3506d1972/source/infinity-converter-7.2.0/tests/test_conversions.py:110: LibreOffice is required for Office integration tests</skipped></testcase><testcase classname="tests.test_conversions" name="test_office_engine_converts_real_legacy_doc" time="0.000"><skipped type="pytest.skip" message="LibreOffice is required for legacy DOC integration tests">/workspace/scratch/f8b3506d1972/source/infinity-converter-7.2.0/tests/test_conversions.py:131: LibreOffice is required for legacy DOC integration tests</skipped></testcase><testcase classname="tests.test_conversions" name="test_image_ocr_reads_arabic_content" time="0.000"><skipped type="pytest.skip" message="Arabic Tesseract data is required">/workspace/scratch/f8b3506d1972/source/infinity-converter-7.2.0/tests/test_conversions.py:187: Arabic Tesseract data is required</skipped></testcase><testcase classname="tests.test_hardening_721.SecurityRegressionTests" name="test_bmp_is_not_a_tiff" time="0.000" /><testcase classname="tests.test_hardening_721.SecurityRegressionTests" name="test_concatenated_stream_limit" time="0.039" /><testcase classname="tests.test_hardening_721.SecurityRegressionTests" name="test_context_drops_private_and_unknown_data" time="0.001" /><testcase classname="tests.test_hardening_721.SecurityRegressionTests" name="test_context_nonfinite" time="0.000" /><testcase classname="tests.test_hardening_721.SecurityRegressionTests" name="test_doc_signature_only_is_not_valid" time="0.002" /><testcase classname="tests.test_hardening_721.SecurityRegressionTests" name="test_empty" time="0.000" /><testcase classname="tests.test_hardening_721.SecurityRegressionTests" name="test_fallback_arabic_workflow" time="0.004" /><testcase classname="tests.test_hardening_721.SecurityRegressionTests" name="test_image_pixel_limit" time="0.000" /><testcase classname="tests.test_hardening_721.SecurityRegressionTests" name="test_malformed_pdf" time="0.001" /><testcase classname="tests.test_hardening_721.SecurityRegressionTests" name="test_mime_mismatch" time="0.000" /><testcase classname="tests.test_hardening_721.SecurityRegressionTests" name="test_ooxml_missing_document" time="0.000" /><testcase classname="tests.test_hardening_721.SecurityRegressionTests" name="test_output_image_format" time="0.001" /><testcase classname="tests.test_hardening_721.SecurityRegressionTests" name="test_output_zip_is_bounded" time="0.001" /><testcase classname="tests.test_hardening_721.SecurityRegressionTests" name="test_oversized" time="0.000" /><testcase classname="tests.test_hardening_721.SecurityRegressionTests" name="test_regex_backtracking_deadline" time="3.002" /><testcase classname="tests.test_hardening_721.SecurityRegressionTests" name="test_regex_capture_groups" time="0.033" /><testcase classname="tests.test_hardening_721.SecurityRegressionTests" name="test_registry_is_bijective" time="0.000" /><testcase classname="tests.test_hardening_721.SecurityRegressionTests" name="test_truncated_compressed_streams" time="0.001" /><testcase classname="tests.test_hardening_721.SecurityRegressionTests" name="test_unvalidated_input_cannot_enter_engine" time="0.001" /><testcase classname="tests.test_hardening_721.SecurityRegressionTests" name="test_workspace_cleanup_on_error" time="0.000" /><testcase classname="tests.test_hardening_721.SecurityRegressionTests" name="test_wrong_signature" time="0.000" /><testcase classname="tests.test_hardening_721.SecurityRegressionTests" name="test_zip_entry_limit" time="0.000" /><testcase classname="tests.test_hardening_721.SecurityRegressionTests" name="test_zip_ratio" time="0.001" /><testcase classname="tests.test_hardening_721.SecurityRegressionTests" name="test_zip_special_entries" time="0.001" /><testcase classname="tests.test_hardening_721.SecurityRegressionTests" name="test_zip_traversal" time="0.001" /><testcase classname="tests.test_hardening_721.SecurityRegressionTests" name="test_zip_valid" time="0.000" /><testcase classname="tests.test_intelligence_v7_static" name="test_live_intelligence_catalog_matches_registry" time="0.001" /><testcase classname="tests.test_intelligence_v7_static" name="test_arabic_scanned_pdf_to_editable_word_is_multistep" time="0.000" /><testcase classname="tests.test_intelligence_v7_static" name="test_arabic_pdf_compress_is_direct_not_filler" time="0.004" /><testcase classname="tests.test_intelligence_v7_static" name="test_common_direct_routes_are_grounded" time="0.000" /><testcase classname="tests.test_intelligence_v7_static" name="test_context_sanitizer_drops_file_payload_fields" time="0.000" /><testcase classname="tests.test_paddle" name="test_webhook_accepts_valid_signature_and_upserts_subscription" time="0.133" /><testcase classname="tests.test_paddle" name="test_webhook_does_not_associate_mismatched_custom_data_user" time="0.171" /><testcase classname="tests.test_paddle" name="test_webhook_rejects_invalid_signature" time="0.013" /><testcase classname="tests.test_paddle" name="test_webhook_rejects_old_timestamp" time="0.009" /><testcase classname="tests.test_paddle" name="test_webhook_rejects_unknown_price" time="0.010" /><testcase classname="tests.test_paddle" name="test_webhook_handles_completed_transaction" time="0.011" /><testcase classname="tests.test_paddle" name="test_subscription_upsert_is_idempotent" time="0.001" /><testcase classname="tests.test_paddle" name="test_additive_subscription_migration_preserves_existing_record" time="0.001" /><testcase classname="tests.test_paddle" name="test_pricing_has_real_price_ids_and_uses_selected_billing" time="0.037" /><testcase classname="tests.test_paddle" name="test_pricing_disables_paid_checkout_without_client_token" time="0.033" /><testcase classname="tests.test_phase2_tools" name="test_phase2_pdf_tools_produce_valid_pdfs" time="0.106" /><testcase classname="tests.test_phase2_tools" name="test_phase2_pdf_generators_produce_valid_pdfs" time="1.547" /><testcase classname="tests.test_phase2_tools" name="test_bulk_certificates_returns_pdf_zip" time="0.123" /><testcase classname="tests.test_phase2_tools" name="test_phase2_image_tools_produce_pngs" time="0.205" /><testcase classname="tests.test_phase2_tools" name="test_csv_merge_and_gift_formatter_produce_valid_text_outputs" time="0.117" /><testcase classname="tests.test_phase6_quality_static" name="test_root_robots_endpoint_exists_and_is_not_only_a_static_asset" time="0.000" /><testcase classname="tests.test_phase6_quality_static" name="test_blog_has_real_search_filter_and_article_navigation" time="0.000" /><testcase classname="tests.test_phase6_quality_static" name="test_tool_pages_have_breadcrumb_and_faq_structured_data" time="0.000" /><testcase classname="tests.test_phase6_quality_static" name="test_preflight_is_designed_to_fail_the_build_on_startup_route_errors" time="0.000" /><testcase classname="tests.test_phase6_quality_static" name="test_knowledge_center_has_at_least_fifteen_curated_posts" time="0.003" /><testcase classname="tests.test_release_612_static" name="test_release_version_and_new_support_email_are_consistent" time="0.010" /><testcase classname="tests.test_release_612_static" name="test_reviewed_tool_surface_is_small_real_and_fully_editorialized" time="0.001" /><testcase classname="tests.test_release_612_static" name="test_sample_demo_values_cover_required_empty_inputs" time="0.000" /><testcase classname="tests.test_release_612_static" name="test_language_switch_uses_crawlable_query_urls_and_hreflang" time="0.000" /><testcase classname="tests.test_release_612_static" name="test_adsense_loader_and_manual_units_stay_off_noindex_surfaces" time="0.000" /><testcase classname="tests.test_release_612_static" name="test_trust_editorial_pwa_and_premium_experience_are_wired" time="0.001" /><testcase classname="tests.test_release_612_static" name="test_sitemap_is_quality_first_not_all_tools" time="0.000" /><testcase classname="tests.test_release_612_static" name="test_no_public_construction_language_in_templates" time="0.001" /><testcase classname="tests.test_release_720_static" name="test_runtime_version_is_consistent" time="0.000" /><testcase classname="tests.test_release_720_static" name="test_720_registry_and_backend_are_one_to_one" time="0.000" /><testcase classname="tests.test_release_720_static" name="test_720_output_contract_is_enforced" time="0.000" /><testcase classname="tests.test_release_720_static" name="test_720_language_policy_is_device_based_not_geolocation" time="0.000" /><testcase classname="tests.test_release_720_static" name="test_720_future_entitlements_are_guarded_while_public_defaults_stay_free" time="0.000" /><testcase classname="tests.test_release_720_static" name="test_720_visual_cohesion_layer_covers_shared_surfaces" time="0.000" /><testcase classname="tests.test_release_720_static" name="test_720_production_gates_remain_enabled" time="0.000" /><testcase classname="tests.test_runtime_architecture_v710" name="test_public_tool_registry_has_backend_operation_for_every_tool" time="0.000" /><testcase classname="tests.test_runtime_architecture_v710" name="test_catalog_is_split_by_domain_with_stable_counts" time="0.000" /><testcase classname="tests.test_runtime_architecture_v710" name="test_old_registry_and_engine_are_compatibility_orchestration_layers_only" time="0.000" /><testcase classname="tests.test_security" name="test_rejects_extension_spoof" time="0.000" /><testcase classname="tests.test_security" name="test_accepts_pdf_signature" time="0.000" /><testcase classname="tests.test_security" name="test_accepts_bmp_and_tiff_images" time="0.019" /><testcase classname="tests.test_security" name="test_rejects_zero_page_pdf" time="0.000" /><testcase classname="tests.test_security_hardening_v710" name="test_temp_workspace_containment_and_idempotent_cleanup" time="0.001" /><testcase classname="tests.test_security_hardening_v710" name="test_upload_filename_is_reduced_to_basename_and_saved_under_input" time="0.001" /><testcase classname="tests.test_security_hardening_v710" name="test_signature_mismatch_is_rejected" time="0.000" /><testcase classname="tests.test_security_hardening_v710" name="test_zip_symlink_is_rejected" time="0.000" /><testcase classname="tests.test_security_hardening_v710" name="test_encrypted_pdf_can_reach_unlock_tool_validation_stage" time="0.004" /><testcase classname="tests.test_security_hardening_v710" name="test_ooxml_external_embedded_image_is_rejected" time="0.001" /><testcase classname="tests.test_security_hardening_v710" name="test_html_conversion_rejects_remote_render_resources" time="0.001" /><testcase classname="tests.test_security_hardening_v710" name="test_spreadsheet_exports_neutralize_formula_injection" time="0.012" /><testcase classname="tests.test_seo_adsense_static" name="test_base_has_search_social_and_adsense_metadata" time="0.000" /><testcase classname="tests.test_seo_adsense_static" name="test_ads_txt_is_dynamic_and_never_uses_a_fake_publisher_id" time="0.000" /><testcase classname="tests.test_seo_adsense_static" name="test_brand_assets_are_real_images" time="0.000" /><testcase classname="tests.test_site_quality_static" name="test_how_it_works_and_error_pages_exist" time="0.000" /><testcase classname="tests.test_site_quality_static" name="test_premium_motion_hooks_exist" time="0.000" /><testcase classname="tests.test_site_quality_static" name="test_core_navigation_targets_are_declared" time="0.000" /><testcase classname="tests.test_smoke" name="test_health" time="0.010" /><testcase classname="tests.test_smoke" name="test_homepage_has_intelligence_workspace_and_filterable_tools" time="0.045" /><testcase classname="tests.test_smoke" name="test_pricing_uses_clean_hardcoded_annual_prices" time="0.031" /><testcase classname="tests.test_smoke" name="test_public_tool_pages_and_metadata_routes" time="1.297" /><testcase classname="tests.test_smoke" name="test_language_fallback_matches_device_policy" time="0.049" /><testcase classname="tests.test_stage2_tools" name="test_pdf_split_produces_one_pdf_per_page" time="0.013" /><testcase classname="tests.test_stage2_tools" name="test_pdf_extract_pages_range" time="0.012" /><testcase classname="tests.test_stage2_tools" name="test_pdf_delete_pages" time="0.011" /><testcase classname="tests.test_stage2_tools" name="test_pdf_delete_pages_requires_param" time="0.010" /><testcase classname="tests.test_stage2_tools" name="test_pdf_rotate" time="0.088" /><testcase classname="tests.test_stage2_tools" name="test_pdf_compress_produces_valid_pdf" time="0.012" /><testcase classname="tests.test_stage2_tools" name="test_pdf_to_jpg_and_png" time="0.027" /><testcase classname="tests.test_stage2_tools" name="test_image_to_pdf_combines_multiple_images" time="0.012" /><testcase classname="tests.test_stage2_tools" name="test_pdf_to_text_and_html" time="0.022" /><testcase classname="tests.test_stage2_tools" name="test_pdf_metadata_report" time="0.011" /><testcase classname="tests.test_stage2_tools" name="test_image_resize_shrinks_dimensions" time="0.013" /><testcase classname="tests.test_stage2_tools" name="test_image_compress_reduces_size" time="0.024" /><testcase classname="tests.test_stage2_tools" name="test_image_rotate" time="0.011" /><testcase classname="tests.test_stage2_tools" name="test_image_to_webp" time="0.012" /><testcase classname="tests.test_stage2_tools" name="test_image_batch_partial_failure_still_returns_zip" time="0.011" /><testcase classname="tests.test_stage2_tools" name="test_zip_create_and_extract_roundtrip" time="0.014" /><testcase classname="tests.test_stage2_tools" name="test_zip_extract_rejects_path_traversal" time="0.010" /><testcase classname="tests.test_stage2_tools" name="test_txt_to_pdf" time="0.011"><failure message="assert 400 == 200&#10; +  where 400 = &lt;WrapperTestResponse streamed [400 BAD REQUEST]&gt;.status_code">client = &lt;FlaskClient &lt;Flask 'app_factory'&gt;&gt;

    def test_txt_to_pdf(client):
        response = post(client, "txt-to-pdf", single=upload("note.txt", "Hello Infinity\nArabic: اختبار".encode("utf-8")))
&gt;       assert response.status_code == 200
E       assert 400 == 200
E        +  where 400 = &lt;WrapperTestResponse streamed [400 BAD REQUEST]&gt;.status_code

tests/test_stage2_tools.py:221: AssertionError</failure></testcase><testcase classname="tests.test_stage2_tools" name="test_markdown_to_html_and_pdf" time="0.026"><failure message="assert 400 == 200&#10; +  where 400 = &lt;WrapperTestResponse streamed [400 BAD REQUEST]&gt;.status_code">client = &lt;FlaskClient &lt;Flask 'app_factory'&gt;&gt;

    def test_markdown_to_html_and_pdf(client):
        md = b"# Title\n\nSome **bold** text."
        response = post(client, "markdown-to-html", single=upload("note.md", md))
        assert response.status_code == 200
        assert b"&lt;h1&gt;" in response.data or b"&lt;h1 " in response.data
    
        response = post(client, "markdown-to-pdf", single=upload("note.md", md))
&gt;       assert response.status_code == 200
E       assert 400 == 200
E        +  where 400 = &lt;WrapperTestResponse streamed [400 BAD REQUEST]&gt;.status_code

tests/test_stage2_tools.py:232: AssertionError</failure></testcase><testcase classname="tests.test_stage2_tools" name="test_csv_to_xlsx" time="0.018" /><testcase classname="tests.test_stage2_tools" name="test_csv_to_pdf" time="0.010"><failure message="assert 400 == 200&#10; +  where 400 = &lt;WrapperTestResponse streamed [400 BAD REQUEST]&gt;.status_code">client = &lt;FlaskClient &lt;Flask 'app_factory'&gt;&gt;

    def test_csv_to_pdf(client):
        csv_bytes = "name,age\nAli,30\n".encode("utf-8")
        response = post(client, "csv-to-pdf", single=upload("data.csv", csv_bytes))
&gt;       assert response.status_code == 200
E       assert 400 == 200
E        +  where 400 = &lt;WrapperTestResponse streamed [400 BAD REQUEST]&gt;.status_code

tests/test_stage2_tools.py:246: AssertionError</failure></testcase><testcase classname="tests.test_stage2_tools" name="test_file_hash_report" time="0.010" /><testcase classname="tests.test_stage2_tools" name="test_file_info_report" time="0.011" /><testcase classname="tests.test_stage2_tools" name="test_unicode_and_arabic_filenames_are_supported" time="0.010" /><testcase classname="tests.test_stage2_tools" name="test_empty_file_rejected" time="0.008" /><testcase classname="tests.test_stage2_tools" name="test_corrupted_pdf_rejected" time="0.009" /><testcase classname="tests.test_stage2_tools" name="test_invalid_page_spec_rejected" time="0.010" /><testcase classname="tests.test_stage2_tools" name="test_image_ocr_english" time="0.159" /><testcase classname="tests.test_stage2_tools" name="test_pdf_ocr_english" time="0.372" /><testcase classname="tests.test_tool_registry_integrity" name="test_registry_integrity_and_category_expansion" time="0.002" /><testcase classname="tests.test_visibility" name="test_auth_pages_are_hidden_by_default" time="0.032" /><testcase classname="tests.test_visibility" name="test_pricing_is_hidden_by_default_and_not_in_sitemap" time="0.030" /><testcase classname="tests.test_visibility" name="test_auth_and_billing_can_be_reenabled_without_removing_code" time="0.042" /><testcase classname="tests.test_word_doc_support_static" name="test_word_to_pdf_declares_doc_and_docx" time="0.000" /><testcase classname="tests.test_word_doc_support_static" name="test_doc_ole_signature_is_registered" time="0.000" /><testcase classname="tests.test_word_doc_support_static" name="test_doc_mime_is_registered" time="0.000" /><testcase classname="tests.test_word_doc_support_static" name="test_gemini_38_config_avoids_deprecated_temperature" time="0.000" /></testsuite></testsuites>